# JRE version: Java(TM) SE Runtime Environment (8.0_60-b27) (build 1.8.0_60-b27)
# Java VM: Java HotSpot(TM) 64-Bit Server VM (25.60-b23 mixed mode windows-amd64 compressed oops)
Heap:
 par new generation   total 153344K, used 112578K [0x00000000c0000000, 0x00000000ca660000, 0x00000000ca660000)
  eden space 136320K,  82% used [0x00000000c0000000, 0x00000000c6d57460, 0x00000000c8520000)
  from space 17024K,   3% used [0x00000000c95c0000, 0x00000000c96594e0, 0x00000000ca660000)
  to   space 17024K,   0% used [0x00000000c8520000, 0x00000000c8520000, 0x00000000c95c0000)
 concurrent mark-sweep generation total 878208K, used 220254K [0x00000000ca660000, 0x0000000100000000, 0x0000000100000000)
 Metaspace       used 48466K, capacity 48877K, committed 49664K, reserved 1093632K
  class space    used 5622K, capacity 5779K, committed 5888K, reserved 1048576K
GC Heap History (10 events):
Event: 3765.789 GC heap before
{Heap before GC invocations=3912 (full 13):
 par new generation   total 153344K, used 136929K [0x00000000c0000000, 0x00000000ca660000, 0x00000000ca660000)
  eden space 136320K, 100% used [0x00000000c0000000, 0x00000000c8520000, 0x00000000c8520000)
  from space 17024K,   3% used [0x00000000c8520000, 0x00000000c85b84f0, 0x00000000c95c0000)
  to   space 17024K,   0% used [0x00000000c95c0000, 0x00000000c95c0000, 0x00000000ca660000)
 concurrent mark-sweep generation total 878208K, used 220130K [0x00000000ca660000, 0x0000000100000000, 0x0000000100000000)
 Metaspace       used 48465K, capacity 48877K, committed 49664K, reserved 1093632K
  class space    used 5622K, capacity 5779K, committed 5888K, reserved 1048576K
Event: 3765.795 GC heap after
Heap after GC invocations=3913 (full 13):
 par new generation   total 153344K, used 601K [0x00000000c0000000, 0x00000000ca660000, 0x00000000ca660000)
  eden space 136320K,   0% used [0x00000000c0000000, 0x00000000c0000000, 0x00000000c8520000)
  from space 17024K,   3% used [0x00000000c95c0000, 0x00000000c96567c8, 0x00000000ca660000)
  to   space 17024K,   0% used [0x00000000c8520000, 0x00000000c8520000, 0x00000000c95c0000)
 concurrent mark-sweep generation total 878208K, used 220153K [0x00000000ca660000, 0x0000000100000000, 0x0000000100000000)
 Metaspace       used 48465K, capacity 48877K, committed 49664K, reserved 1093632K
  class space    used 5622K, capacity 5779K, committed 5888K, reserved 1048576K
}
Event: 3766.295 GC heap before
{Heap before GC invocations=3913 (full 13):
 par new generation   total 153344K, used 136921K [0x00000000c0000000, 0x00000000ca660000, 0x00000000ca660000)
  eden space 136320K, 100% used [0x00000000c0000000, 0x00000000c8520000, 0x00000000c8520000)
  from space 17024K,   3% used [0x00000000c95c0000, 0x00000000c96567c8, 0x00000000ca660000)
  to   space 17024K,   0% used [0x00000000c8520000, 0x00000000c8520000, 0x00000000c95c0000)
 concurrent mark-sweep generation total 878208K, used 220153K [0x00000000ca660000, 0x0000000100000000, 0x0000000100000000)
 Metaspace       used 48466K, capacity 48877K, committed 49664K, reserved 1093632K
  class space    used 5622K, capacity 5779K, committed 5888K, reserved 1048576K
Event: 3766.301 GC heap after
Heap after GC invocations=3914 (full 13):
 par new generation   total 153344K, used 779K [0x00000000c0000000, 0x00000000ca660000, 0x00000000ca660000)
  eden space 136320K,   0% used [0x00000000c0000000, 0x00000000c0000000, 0x00000000c8520000)
  from space 17024K,   4% used [0x00000000c8520000, 0x00000000c85e2ea0, 0x00000000c95c0000)
  to   space 17024K,   0% used [0x00000000c95c0000, 0x00000000c95c0000, 0x00000000ca660000)
 concurrent mark-sweep generation total 878208K, used 220169K [0x00000000ca660000, 0x0000000100000000, 0x0000000100000000)
 Metaspace       used 48466K, capacity 48877K, committed 49664K, reserved 1093632K
  class space    used 5622K, capacity 5779K, committed 5888K, reserved 1048576K
}
Event: 3766.642 GC heap before
{Heap before GC invocations=3914 (full 13):
 par new generation   total 153344K, used 137099K [0x00000000c0000000, 0x00000000ca660000, 0x00000000ca660000)
  eden space 136320K, 100% used [0x00000000c0000000, 0x00000000c8520000, 0x00000000c8520000)
  from space 17024K,   4% used [0x00000000c8520000, 0x00000000c85e2ea0, 0x00000000c95c0000)
  to   space 17024K,   0% used [0x00000000c95c0000, 0x00000000c95c0000, 0x00000000ca660000)
 concurrent mark-sweep generation total 878208K, used 220169K [0x00000000ca660000, 0x0000000100000000, 0x0000000100000000)
 Metaspace       used 48466K, capacity 48877K, committed 49664K, reserved 1093632K
  class space    used 5622K, capacity 5779K, committed 5888K, reserved 1048576K
Event: 3766.648 GC heap after
Heap after GC invocations=3915 (full 13):
 par new generation   total 153344K, used 522K [0x00000000c0000000, 0x00000000ca660000, 0x00000000ca660000)
  eden space 136320K,   0% used [0x00000000c0000000, 0x00000000c0000000, 0x00000000c8520000)
  from space 17024K,   3% used [0x00000000c95c0000, 0x00000000c96429a0, 0x00000000ca660000)
  to   space 17024K,   0% used [0x00000000c8520000, 0x00000000c8520000, 0x00000000c95c0000)
 concurrent mark-sweep generation total 878208K, used 220194K [0x00000000ca660000, 0x0000000100000000, 0x0000000100000000)
 Metaspace       used 48466K, capacity 48877K, committed 49664K, reserved 1093632K
  class space    used 5622K, capacity 5779K, committed 5888K, reserved 1048576K
}
Event: 3766.990 GC heap before
{Heap before GC invocations=3915 (full 13):
 par new generation   total 153344K, used 136842K [0x00000000c0000000, 0x00000000ca660000, 0x00000000ca660000)
  eden space 136320K, 100% used [0x00000000c0000000, 0x00000000c8520000, 0x00000000c8520000)
  from space 17024K,   3% used [0x00000000c95c0000, 0x00000000c96429a0, 0x00000000ca660000)
  to   space 17024K,   0% used [0x00000000c8520000, 0x00000000c8520000, 0x00000000c95c0000)
 concurrent mark-sweep generation total 878208K, used 220194K [0x00000000ca660000, 0x0000000100000000, 0x0000000100000000)
 Metaspace       used 48466K, capacity 48877K, committed 49664K, reserved 1093632K
  class space    used 5622K, capacity 5779K, committed 5888K, reserved 1048576K
Event: 3766.995 GC heap after
Heap after GC invocations=3916 (full 13):
 par new generation   total 153344K, used 582K [0x00000000c0000000, 0x00000000ca660000, 0x00000000ca660000)
  eden space 136320K,   0% used [0x00000000c0000000, 0x00000000c0000000, 0x00000000c8520000)
  from space 17024K,   3% used [0x00000000c8520000, 0x00000000c85b18d8, 0x00000000c95c0000)
  to   space 17024K,   0% used [0x00000000c95c0000, 0x00000000c95c0000, 0x00000000ca660000)
 concurrent mark-sweep generation total 878208K, used 220220K [0x00000000ca660000, 0x0000000100000000, 0x0000000100000000)
 Metaspace       used 48466K, capacity 48877K, committed 49664K, reserved 1093632K
  class space    used 5622K, capacity 5779K, committed 5888K, reserved 1048576K
}
Event: 3767.334 GC heap before
{Heap before GC invocations=3916 (full 13):
 par new generation   total 153344K, used 136902K [0x00000000c0000000, 0x00000000ca660000, 0x00000000ca660000)
  eden space 136320K, 100% used [0x00000000c0000000, 0x00000000c8520000, 0x00000000c8520000)
  from space 17024K,   3% used [0x00000000c8520000, 0x00000000c85b18d8, 0x00000000c95c0000)
  to   space 17024K,   0% used [0x00000000c95c0000, 0x00000000c95c0000, 0x00000000ca660000)
 concurrent mark-sweep generation total 878208K, used 220220K [0x00000000ca660000, 0x0000000100000000, 0x0000000100000000)
 Metaspace       used 48466K, capacity 48877K, committed 49664K, reserved 1093632K
  class space    used 5622K, capacity 5779K, committed 5888K, reserved 1048576K
Event: 3767.339 GC heap after
Heap after GC invocations=3917 (full 13):
 par new generation   total 153344K, used 613K [0x00000000c0000000, 0x00000000ca660000, 0x00000000ca660000)
  eden space 136320K,   0% used [0x00000000c0000000, 0x00000000c0000000, 0x00000000c8520000)
  from space 17024K,   3% used [0x00000000c95c0000, 0x00000000c96594e0, 0x00000000ca660000)
  to   space 17024K,   0% used [0x00000000c8520000, 0x00000000c8520000, 0x00000000c95c0000)
 concurrent mark-sweep generation total 878208K, used 220254K [0x00000000ca660000, 0x0000000100000000, 0x0000000100000000)
 Metaspace       used 48466K, capacity 48877K, committed 49664K, reserved 1093632K
  class space    used 5622K, capacity 5779K, committed 5888K, reserved 1048576K
}

