# JRE version: Java(TM) SE Runtime Environment (8.0_60-b27) (build 1.8.0_60-b27)
# Java VM: Java HotSpot(TM) 64-Bit Server VM (25.60-b23 mixed mode windows-amd64 compressed oops)
Heap:
 par new generation   total 153344K, used 124794K [0x00000000c0000000, 0x00000000ca660000, 0x00000000ca660000)
  eden space 136320K,  90% used [0x00000000c0000000, 0x00000000c78ae640, 0x00000000c8520000)
  from space 17024K,   7% used [0x00000000c95c0000, 0x00000000c96f0508, 0x00000000ca660000)
  to   space 17024K,   0% used [0x00000000c8520000, 0x00000000c8520000, 0x00000000c95c0000)
 concurrent mark-sweep generation total 878208K, used 231745K [0x00000000ca660000, 0x0000000100000000, 0x0000000100000000)
 Metaspace       used 51193K, capacity 51595K, committed 52352K, reserved 1095680K
  class space    used 5725K, capacity 5874K, committed 6016K, reserved 1048576K
GC Heap History (10 events):
Event: 4308.965 GC heap before
{Heap before GC invocations=10148 (full 17):
 par new generation   total 153344K, used 138148K [0x00000000c0000000, 0x00000000ca660000, 0x00000000ca660000)
  eden space 136320K, 100% used [0x00000000c0000000, 0x00000000c8520000, 0x00000000c8520000)
  from space 17024K,  10% used [0x00000000c8520000, 0x00000000c86e9300, 0x00000000c95c0000)
  to   space 17024K,   0% used [0x00000000c95c0000, 0x00000000c95c0000, 0x00000000ca660000)
 concurrent mark-sweep generation total 878208K, used 230878K [0x00000000ca660000, 0x0000000100000000, 0x0000000100000000)
 Metaspace       used 51193K, capacity 51595K, committed 52352K, reserved 1095680K
  class space    used 5725K, capacity 5874K, committed 6016K, reserved 1048576K
Event: 4308.971 GC heap after
Heap after GC invocations=10149 (full 17):
 par new generation   total 153344K, used 2535K [0x00000000c0000000, 0x00000000ca660000, 0x00000000ca660000)
  eden space 136320K,   0% used [0x00000000c0000000, 0x00000000c0000000, 0x00000000c8520000)
  from space 17024K,  14% used [0x00000000c95c0000, 0x00000000c9839d50, 0x00000000ca660000)
  to   space 17024K,   0% used [0x00000000c8520000, 0x00000000c8520000, 0x00000000c95c0000)
 concurrent mark-sweep generation total 878208K, used 230886K [0x00000000ca660000, 0x0000000100000000, 0x0000000100000000)
 Metaspace       used 51193K, capacity 51595K, committed 52352K, reserved 1095680K
  class space    used 5725K, capacity 5874K, committed 6016K, reserved 1048576K
}
Event: 4309.275 GC heap before
{Heap before GC invocations=10149 (full 17):
 par new generation   total 153344K, used 138855K [0x00000000c0000000, 0x00000000ca660000, 0x00000000ca660000)
  eden space 136320K, 100% used [0x00000000c0000000, 0x00000000c8520000, 0x00000000c8520000)
  from space 17024K,  14% used [0x00000000c95c0000, 0x00000000c9839d50, 0x00000000ca660000)
  to   space 17024K,   0% used [0x00000000c8520000, 0x00000000c8520000, 0x00000000c95c0000)
 concurrent mark-sweep generation total 878208K, used 230886K [0x00000000ca660000, 0x0000000100000000, 0x0000000100000000)
 Metaspace       used 51193K, capacity 51595K, committed 52352K, reserved 1095680K
  class space    used 5725K, capacity 5874K, committed 6016K, reserved 1048576K
Event: 4309.281 GC heap after
Heap after GC invocations=10150 (full 17):
 par new generation   total 153344K, used 2450K [0x00000000c0000000, 0x00000000ca660000, 0x00000000ca660000)
  eden space 136320K,   0% used [0x00000000c0000000, 0x00000000c0000000, 0x00000000c8520000)
  from space 17024K,  14% used [0x00000000c8520000, 0x00000000c8784b68, 0x00000000c95c0000)
  to   space 17024K,   0% used [0x00000000c95c0000, 0x00000000c95c0000, 0x00000000ca660000)
 concurrent mark-sweep generation total 878208K, used 230914K [0x00000000ca660000, 0x0000000100000000, 0x0000000100000000)
 Metaspace       used 51193K, capacity 51595K, committed 52352K, reserved 1095680K
  class space    used 5725K, capacity 5874K, committed 6016K, reserved 1048576K
}
Event: 4309.562 GC heap before
{Heap before GC invocations=10150 (full 17):
 par new generation   total 153344K, used 138770K [0x00000000c0000000, 0x00000000ca660000, 0x00000000ca660000)
  eden space 136320K, 100% used [0x00000000c0000000, 0x00000000c8520000, 0x00000000c8520000)
  from space 17024K,  14% used [0x00000000c8520000, 0x00000000c8784b68, 0x00000000c95c0000)
  to   space 17024K,   0% used [0x00000000c95c0000, 0x00000000c95c0000, 0x00000000ca660000)
 concurrent mark-sweep generation total 878208K, used 230914K [0x00000000ca660000, 0x0000000100000000, 0x0000000100000000)
 Metaspace       used 51193K, capacity 51595K, committed 52352K, reserved 1095680K
  class space    used 5725K, capacity 5874K, committed 6016K, reserved 1048576K
Event: 4309.569 GC heap after
Heap after GC invocations=10151 (full 17):
 par new generation   total 153344K, used 954K [0x00000000c0000000, 0x00000000ca660000, 0x00000000ca660000)
  eden space 136320K,   0% used [0x00000000c0000000, 0x00000000c0000000, 0x00000000c8520000)
  from space 17024K,   5% used [0x00000000c95c0000, 0x00000000c96aea18, 0x00000000ca660000)
  to   space 17024K,   0% used [0x00000000c8520000, 0x00000000c8520000, 0x00000000c95c0000)
 concurrent mark-sweep generation total 878208K, used 231698K [0x00000000ca660000, 0x0000000100000000, 0x0000000100000000)
 Metaspace       used 51193K, capacity 51595K, committed 52352K, reserved 1095680K
  class space    used 5725K, capacity 5874K, committed 6016K, reserved 1048576K
}
Event: 4309.869 GC heap before
{Heap before GC invocations=10151 (full 17):
 par new generation   total 153344K, used 137274K [0x00000000c0000000, 0x00000000ca660000, 0x00000000ca660000)
  eden space 136320K, 100% used [0x00000000c0000000, 0x00000000c8520000, 0x00000000c8520000)
  from space 17024K,   5% used [0x00000000c95c0000, 0x00000000c96aea18, 0x00000000ca660000)
  to   space 17024K,   0% used [0x00000000c8520000, 0x00000000c8520000, 0x00000000c95c0000)
 concurrent mark-sweep generation total 878208K, used 231698K [0x00000000ca660000, 0x0000000100000000, 0x0000000100000000)
 Metaspace       used 51193K, capacity 51595K, committed 52352K, reserved 1095680K
  class space    used 5725K, capacity 5874K, committed 6016K, reserved 1048576K
Event: 4309.876 GC heap after
Heap after GC invocations=10152 (full 17):
 par new generation   total 153344K, used 845K [0x00000000c0000000, 0x00000000ca660000, 0x00000000ca660000)
  eden space 136320K,   0% used [0x00000000c0000000, 0x00000000c0000000, 0x00000000c8520000)
  from space 17024K,   4% used [0x00000000c8520000, 0x00000000c85f3428, 0x00000000c95c0000)
  to   space 17024K,   0% used [0x00000000c95c0000, 0x00000000c95c0000, 0x00000000ca660000)
 concurrent mark-sweep generation total 878208K, used 231738K [0x00000000ca660000, 0x0000000100000000, 0x0000000100000000)
 Metaspace       used 51193K, capacity 51595K, committed 52352K, reserved 1095680K
  class space    used 5725K, capacity 5874K, committed 6016K, reserved 1048576K
}
Event: 4310.188 GC heap before
{Heap before GC invocations=10152 (full 17):
 par new generation   total 153344K, used 137165K [0x00000000c0000000, 0x00000000ca660000, 0x00000000ca660000)
  eden space 136320K, 100% used [0x00000000c0000000, 0x00000000c8520000, 0x00000000c8520000)
  from space 17024K,   4% used [0x00000000c8520000, 0x00000000c85f3428, 0x00000000c95c0000)
  to   space 17024K,   0% used [0x00000000c95c0000, 0x00000000c95c0000, 0x00000000ca660000)
 concurrent mark-sweep generation total 878208K, used 231738K [0x00000000ca660000, 0x0000000100000000, 0x0000000100000000)
 Metaspace       used 51193K, capacity 51595K, committed 52352K, reserved 1095680K
  class space    used 5725K, capacity 5874K, committed 6016K, reserved 1048576K
Event: 4310.194 GC heap after
Heap after GC invocations=10153 (full 17):
 par new generation   total 153344K, used 1217K [0x00000000c0000000, 0x00000000ca660000, 0x00000000ca660000)
  eden space 136320K,   0% used [0x00000000c0000000, 0x00000000c0000000, 0x00000000c8520000)
  from space 17024K,   7% used [0x00000000c95c0000, 0x00000000c96f0508, 0x00000000ca660000)
  to   space 17024K,   0% used [0x00000000c8520000, 0x00000000c8520000, 0x00000000c95c0000)
 concurrent mark-sweep generation total 878208K, used 231745K [0x00000000ca660000, 0x0000000100000000, 0x0000000100000000)
 Metaspace       used 51193K, capacity 51595K, committed 52352K, reserved 1095680K
  class space    used 5725K, capacity 5874K, committed 6016K, reserved 1048576K
}

