# JRE version: Java(TM) SE Runtime Environment (8.0_60-b27) (build 1.8.0_60-b27)
# Java VM: Java HotSpot(TM) 64-Bit Server VM (25.60-b23 mixed mode windows-amd64 compressed oops)
Heap:
 par new generation   total 153344K, used 56368K [0x00000000c0000000, 0x00000000ca660000, 0x00000000ca660000)
  eden space 136320K,  40% used [0x00000000c0000000, 0x00000000c360fb28, 0x00000000c8520000)
  from space 17024K,   5% used [0x00000000c8520000, 0x00000000c861c8a8, 0x00000000c95c0000)
  to   space 17024K,   0% used [0x00000000c95c0000, 0x00000000c95c0000, 0x00000000ca660000)
 concurrent mark-sweep generation total 878208K, used 290786K [0x00000000ca660000, 0x0000000100000000, 0x0000000100000000)
 Metaspace       used 48320K, capacity 48745K, committed 49408K, reserved 1093632K
  class space    used 5623K, capacity 5779K, committed 5888K, reserved 1048576K
GC Heap History (10 events):
Event: 1947.487 GC heap after
Heap after GC invocations=4320 (full 19):
 par new generation   total 153344K, used 219K [0x00000000c0000000, 0x00000000ca660000, 0x00000000ca660000)
  eden space 136320K,   0% used [0x00000000c0000000, 0x00000000c0000000, 0x00000000c8520000)
  from space 17024K,   1% used [0x00000000c8520000, 0x00000000c8556c20, 0x00000000c95c0000)
  to   space 17024K,   0% used [0x00000000c95c0000, 0x00000000c95c0000, 0x00000000ca660000)
 concurrent mark-sweep generation total 878208K, used 290777K [0x00000000ca660000, 0x0000000100000000, 0x0000000100000000)
 Metaspace       used 48263K, capacity 48681K, committed 49408K, reserved 1093632K
  class space    used 5614K, capacity 5779K, committed 5888K, reserved 1048576K
}
Event: 1947.844 GC heap before
{Heap before GC invocations=4320 (full 19):
 par new generation   total 153344K, used 136539K [0x00000000c0000000, 0x00000000ca660000, 0x00000000ca660000)
  eden space 136320K, 100% used [0x00000000c0000000, 0x00000000c8520000, 0x00000000c8520000)
  from space 17024K,   1% used [0x00000000c8520000, 0x00000000c8556c20, 0x00000000c95c0000)
  to   space 17024K,   0% used [0x00000000c95c0000, 0x00000000c95c0000, 0x00000000ca660000)
 concurrent mark-sweep generation total 878208K, used 290777K [0x00000000ca660000, 0x0000000100000000, 0x0000000100000000)
 Metaspace       used 48263K, capacity 48681K, committed 49408K, reserved 1093632K
  class space    used 5614K, capacity 5779K, committed 5888K, reserved 1048576K
Event: 1947.849 GC heap after
Heap after GC invocations=4321 (full 19):
 par new generation   total 153344K, used 146K [0x00000000c0000000, 0x00000000ca660000, 0x00000000ca660000)
  eden space 136320K,   0% used [0x00000000c0000000, 0x00000000c0000000, 0x00000000c8520000)
  from space 17024K,   0% used [0x00000000c95c0000, 0x00000000c95e48a0, 0x00000000ca660000)
  to   space 17024K,   0% used [0x00000000c8520000, 0x00000000c8520000, 0x00000000c95c0000)
 concurrent mark-sweep generation total 878208K, used 290778K [0x00000000ca660000, 0x0000000100000000, 0x0000000100000000)
 Metaspace       used 48263K, capacity 48681K, committed 49408K, reserved 1093632K
  class space    used 5614K, capacity 5779K, committed 5888K, reserved 1048576K
}
Event: 1948.217 GC heap before
{Heap before GC invocations=4321 (full 19):
 par new generation   total 153344K, used 136466K [0x00000000c0000000, 0x00000000ca660000, 0x00000000ca660000)
  eden space 136320K, 100% used [0x00000000c0000000, 0x00000000c8520000, 0x00000000c8520000)
  from space 17024K,   0% used [0x00000000c95c0000, 0x00000000c95e48a0, 0x00000000ca660000)
  to   space 17024K,   0% used [0x00000000c8520000, 0x00000000c8520000, 0x00000000c95c0000)
 concurrent mark-sweep generation total 878208K, used 290778K [0x00000000ca660000, 0x0000000100000000, 0x0000000100000000)
 Metaspace       used 48263K, capacity 48681K, committed 49408K, reserved 1093632K
  class space    used 5614K, capacity 5779K, committed 5888K, reserved 1048576K
Event: 1948.222 GC heap after
Heap after GC invocations=4322 (full 19):
 par new generation   total 153344K, used 161K [0x00000000c0000000, 0x00000000ca660000, 0x00000000ca660000)
  eden space 136320K,   0% used [0x00000000c0000000, 0x00000000c0000000, 0x00000000c8520000)
  from space 17024K,   0% used [0x00000000c8520000, 0x00000000c85484a0, 0x00000000c95c0000)
  to   space 17024K,   0% used [0x00000000c95c0000, 0x00000000c95c0000, 0x00000000ca660000)
 concurrent mark-sweep generation total 878208K, used 290781K [0x00000000ca660000, 0x0000000100000000, 0x0000000100000000)
 Metaspace       used 48263K, capacity 48681K, committed 49408K, reserved 1093632K
  class space    used 5614K, capacity 5779K, committed 5888K, reserved 1048576K
}
Event: 1948.569 GC heap before
{Heap before GC invocations=4322 (full 19):
 par new generation   total 153344K, used 136481K [0x00000000c0000000, 0x00000000ca660000, 0x00000000ca660000)
  eden space 136320K, 100% used [0x00000000c0000000, 0x00000000c8520000, 0x00000000c8520000)
  from space 17024K,   0% used [0x00000000c8520000, 0x00000000c85484a0, 0x00000000c95c0000)
  to   space 17024K,   0% used [0x00000000c95c0000, 0x00000000c95c0000, 0x00000000ca660000)
 concurrent mark-sweep generation total 878208K, used 290781K [0x00000000ca660000, 0x0000000100000000, 0x0000000100000000)
 Metaspace       used 48263K, capacity 48681K, committed 49408K, reserved 1093632K
  class space    used 5614K, capacity 5779K, committed 5888K, reserved 1048576K
Event: 1948.574 GC heap after
Heap after GC invocations=4323 (full 19):
 par new generation   total 153344K, used 172K [0x00000000c0000000, 0x00000000ca660000, 0x00000000ca660000)
  eden space 136320K,   0% used [0x00000000c0000000, 0x00000000c0000000, 0x00000000c8520000)
  from space 17024K,   1% used [0x00000000c95c0000, 0x00000000c95eb3e0, 0x00000000ca660000)
  to   space 17024K,   0% used [0x00000000c8520000, 0x00000000c8520000, 0x00000000c95c0000)
 concurrent mark-sweep generation total 878208K, used 290786K [0x00000000ca660000, 0x0000000100000000, 0x0000000100000000)
 Metaspace       used 48263K, capacity 48681K, committed 49408K, reserved 1093632K
  class space    used 5614K, capacity 5779K, committed 5888K, reserved 1048576K
}
Event: 1948.991 GC heap before
{Heap before GC invocations=4323 (full 19):
 par new generation   total 153344K, used 136492K [0x00000000c0000000, 0x00000000ca660000, 0x00000000ca660000)
  eden space 136320K, 100% used [0x00000000c0000000, 0x00000000c8520000, 0x00000000c8520000)
  from space 17024K,   1% used [0x00000000c95c0000, 0x00000000c95eb3e0, 0x00000000ca660000)
  to   space 17024K,   0% used [0x00000000c8520000, 0x00000000c8520000, 0x00000000c95c0000)
 concurrent mark-sweep generation total 878208K, used 290786K [0x00000000ca660000, 0x0000000100000000, 0x0000000100000000)
 Metaspace       used 48264K, capacity 48681K, committed 49408K, reserved 1093632K
  class space    used 5614K, capacity 5779K, committed 5888K, reserved 1048576K
Event: 1948.997 GC heap after
Heap after GC invocations=4324 (full 19):
 par new generation   total 153344K, used 1010K [0x00000000c0000000, 0x00000000ca660000, 0x00000000ca660000)
  eden space 136320K,   0% used [0x00000000c0000000, 0x00000000c0000000, 0x00000000c8520000)
  from space 17024K,   5% used [0x00000000c8520000, 0x00000000c861c8a8, 0x00000000c95c0000)
  to   space 17024K,   0% used [0x00000000c95c0000, 0x00000000c95c0000, 0x00000000ca660000)
 concurrent mark-sweep generation total 878208K, used 290786K [0x00000000ca660000, 0x0000000100000000, 0x0000000100000000)
 Metaspace       used 48264K, capacity 48681K, committed 49408K, reserved 1093632K
  class space    used 5614K, capacity 5779K, committed 5888K, reserved 1048576K
}
Event: 1949.390 GC heap before
{Heap before GC invocations=4324 (full 19):
 par new generation   total 153344K, used 56368K [0x00000000c0000000, 0x00000000ca660000, 0x00000000ca660000)
  eden space 136320K,  40% used [0x00000000c0000000, 0x00000000c360fb28, 0x00000000c8520000)
  from space 17024K,   5% used [0x00000000c8520000, 0x00000000c861c8a8, 0x00000000c95c0000)
  to   space 17024K,   0% used [0x00000000c95c0000, 0x00000000c95c0000, 0x00000000ca660000)
 concurrent mark-sweep generation total 878208K, used 290786K [0x00000000ca660000, 0x0000000100000000, 0x0000000100000000)
 Metaspace       used 48320K, capacity 48745K, committed 49408K, reserved 1093632K
  class space    used 5623K, capacity 5779K, committed 5888K, reserved 1048576K

